0 info it worked if it ends with ok
1 verbose cli [ 'C:\\Program Files\\nodejs\\\\node.exe',
1 verbose cli   'C:\\Program Files\\nodejs\\node_modules\\npm\\bin\\npm-cli.js',
1 verbose cli   'install',
1 verbose cli   'socket.io' ]
2 info using npm@2.7.4
3 info using node@v0.12.2
4 verbose node symlink C:\Program Files\nodejs\\node.exe
5 verbose install socket.io is installed as 1.3.5
6 silly cache add args [ 'socket.io', null ]
7 verbose cache add spec socket.io
8 silly cache add parsed spec { raw: 'socket.io',
8 silly cache add   scope: null,
8 silly cache add   name: 'socket.io',
8 silly cache add   rawSpec: '',
8 silly cache add   spec: '*',
8 silly cache add   type: 'range' }
9 verbose addNamed socket.io@*
10 silly addNamed semver.valid null
11 silly addNamed semver.validRange *
12 silly addNameRange { name: 'socket.io', range: '*', hasData: false }
13 silly mapToRegistry name socket.io
14 silly mapToRegistry using default registry
15 silly mapToRegistry registry https://registry.npmjs.org/
16 silly mapToRegistry uri https://registry.npmjs.org/socket.io
17 verbose addNameRange registry:https://registry.npmjs.org/socket.io not in flight; fetching
18 verbose request uri https://registry.npmjs.org/socket.io
19 verbose request no auth needed
20 info attempt registry request try #1 at 2:07:10 AM
21 verbose request id 07f58ea14cad0de4
22 verbose etag "EKJNNJENLM4UHV2AAZG05XWEQ"
23 http request GET https://registry.npmjs.org/socket.io
24 http 200 https://registry.npmjs.org/socket.io
25 silly get cb [ 200,
25 silly get   { date: 'Sun, 12 Apr 2015 20:37:12 GMT',
25 silly get     server: 'CouchDB/1.5.0 (Erlang OTP/R16B03)',
25 silly get     etag: '"A5CU45DJD2SVLD1A6LHUOXCH9"',
25 silly get     'content-type': 'application/json',
25 silly get     'cache-control': 'max-age=60',
25 silly get     'content-length': '111073',
25 silly get     'accept-ranges': 'bytes',
25 silly get     via: '1.1 varnish',
25 silly get     age: '16',
25 silly get     'x-served-by': 'cache-fra1221-FRA',
25 silly get     'x-cache': 'HIT',
25 silly get     'x-cache-hits': '1',
25 silly get     'x-timer': 'S1428871032.141482,VS0,VE0',
25 silly get     vary: 'Accept',
25 silly get     'keep-alive': 'timeout=10, max=50',
25 silly get     connection: 'Keep-Alive' } ]
26 verbose get saving socket.io to C:\Users\Raj M-PC\AppData\Roaming\npm-cache\registry.npmjs.org\socket.io\.cache.json
27 silly addNameRange number 2 { name: 'socket.io', range: '*', hasData: true }
28 silly addNameRange versions [ 'socket.io',
28 silly addNameRange   [ '0.3.8',
28 silly addNameRange     '0.4.0',
28 silly addNameRange     '0.4.1',
28 silly addNameRange     '0.5.1',
28 silly addNameRange     '0.5.3',
28 silly addNameRange     '0.6.0',
28 silly addNameRange     '0.6.1',
28 silly addNameRange     '0.6.3',
28 silly addNameRange     '0.6.4',
28 silly addNameRange     '0.6.5',
28 silly addNameRange     '0.6.6',
28 silly addNameRange     '0.6.7',
28 silly addNameRange     '0.6.8',
28 silly addNameRange     '0.6.9',
28 silly addNameRange     '0.6.10',
28 silly addNameRange     '0.6.11',
28 silly addNameRange     '0.6.12',
28 silly addNameRange     '0.6.14',
28 silly addNameRange     '0.6.15',
28 silly addNameRange     '0.6.16',
28 silly addNameRange     '0.6.17',
28 silly addNameRange     '0.6.18',
28 silly addNameRange     '0.7.0',
28 silly addNameRange     '0.7.1',
28 silly addNameRange     '0.7.2',
28 silly addNameRange     '0.7.3',
28 silly addNameRange     '0.7.4',
28 silly addNameRange     '0.7.5',
28 silly addNameRange     '0.7.6',
28 silly addNameRange     '0.7.7',
28 silly addNameRange     '0.7.8',
28 silly addNameRange     '0.7.9',
28 silly addNameRange     '0.7.10',
28 silly addNameRange     '0.7.11',
28 silly addNameRange     '0.8.0',
28 silly addNameRange     '0.8.1',
28 silly addNameRange     '0.8.2',
28 silly addNameRange     '0.8.3',
28 silly addNameRange     '0.8.4',
28 silly addNameRange     '0.8.5',
28 silly addNameRange     '0.8.6',
28 silly addNameRange     '0.8.7',
28 silly addNameRange     '0.9.0',
28 silly addNameRange     '0.9.1',
28 silly addNameRange     '0.9.1-1',
28 silly addNameRange     '0.9.2',
28 silly addNameRange     '0.9.3',
28 silly addNameRange     '0.9.4',
28 silly addNameRange     '0.9.5',
28 silly addNameRange     '0.9.6',
28 silly addNameRange     '0.9.7',
28 silly addNameRange     '0.9.8',
28 silly addNameRange     '0.9.9',
28 silly addNameRange     '0.9.10',
28 silly addNameRange     '0.9.11',
28 silly addNameRange     '0.9.12',
28 silly addNameRange     '0.9.13',
28 silly addNameRange     '0.9.14',
28 silly addNameRange     '0.9.15',
28 silly addNameRange     '0.9.16',
28 silly addNameRange     '1.0.0-pre',
28 silly addNameRange     '1.0.0-pre2',
28 silly addNameRange     '1.0.0-pre3',
28 silly addNameRange     '1.0.0-pre4',
28 silly addNameRange     '1.0.0-pre5',
28 silly addNameRange     '0.9.17',
28 silly addNameRange     '1.0.0',
28 silly addNameRange     '1.0.1',
28 silly addNameRange     '1.0.2',
28 silly addNameRange     '1.0.3',
28 silly addNameRange     '1.0.4',
28 silly addNameRange     '1.0.5',
28 silly addNameRange     '1.0.6',
28 silly addNameRange     '1.1.0',
28 silly addNameRange     '1.2.0',
28 silly addNameRange     '1.2.1',
28 silly addNameRange     '1.3.0',
28 silly addNameRange     '1.3.1',
28 silly addNameRange     '1.3.2',
28 silly addNameRange     '1.3.3',
28 silly addNameRange     '1.3.4',
28 silly addNameRange     '1.3.5' ] ]
29 verbose addNamed socket.io@1.3.5
30 silly addNamed semver.valid 1.3.5
31 silly addNamed semver.validRange 1.3.5
32 silly cache afterAdd socket.io@1.3.5
33 verbose afterAdd C:\Users\Raj M-PC\AppData\Roaming\npm-cache\socket.io\1.3.5\package\package.json not in flight; writing
34 verbose afterAdd C:\Users\Raj M-PC\AppData\Roaming\npm-cache\socket.io\1.3.5\package\package.json written
35 silly install resolved [ { name: 'socket.io',
35 silly install resolved     version: '1.3.5',
35 silly install resolved     description: 'node.js realtime framework server',
35 silly install resolved     keywords:
35 silly install resolved      [ 'realtime',
35 silly install resolved        'framework',
35 silly install resolved        'websocket',
35 silly install resolved        'tcp',
35 silly install resolved        'events',
35 silly install resolved        'socket',
35 silly install resolved        'io' ],
35 silly install resolved     repository: { type: 'git', url: 'git://github.com/Automattic/socket.io' },
35 silly install resolved     scripts: { test: 'mocha --reporter dot --slow 200ms --bail' },
35 silly install resolved     dependencies:
35 silly install resolved      { 'engine.io': '1.5.1',
35 silly install resolved        'socket.io-parser': '2.2.4',
35 silly install resolved        'socket.io-client': '1.3.5',
35 silly install resolved        'socket.io-adapter': '0.3.1',
35 silly install resolved        'has-binary-data': '0.1.3',
35 silly install resolved        debug: '2.1.0' },
35 silly install resolved     devDependencies:
35 silly install resolved      { mocha: '1.16.2',
35 silly install resolved        'expect.js': '0.3.1',
35 silly install resolved        supertest: '0.8.2',
35 silly install resolved        superagent: '0.17.0',
35 silly install resolved        istanbul: '0.2.3' },
35 silly install resolved     contributors: [ [Object], [Object], [Object], [Object] ],
35 silly install resolved     gitHead: '342faf219793fc5c1f130fc33e3fb5422dab516d',
35 silly install resolved     bugs: { url: 'https://github.com/Automattic/socket.io/issues' },
35 silly install resolved     homepage: 'https://github.com/Automattic/socket.io',
35 silly install resolved     _id: 'socket.io@1.3.5',
35 silly install resolved     _shasum: 'bfd609f37626889e94df9d3526db79a84255f1d8',
35 silly install resolved     _from: 'socket.io@*',
35 silly install resolved     _npmVersion: '1.4.28',
35 silly install resolved     _npmUser: { name: 'rauchg', email: 'rauchg@gmail.com' },
35 silly install resolved     maintainers: [ [Object] ],
35 silly install resolved     dist:
35 silly install resolved      { shasum: 'bfd609f37626889e94df9d3526db79a84255f1d8',
35 silly install resolved        tarball: 'http://registry.npmjs.org/socket.io/-/socket.io-1.3.5.tgz' },
35 silly install resolved     directories: {},
35 silly install resolved     _resolved: 'https://registry.npmjs.org/socket.io/-/socket.io-1.3.5.tgz',
35 silly install resolved     readme: 'ERROR: No README data found!' } ]
36 info install socket.io@1.3.5 into C:\Users\Raj M-PC\arpan
37 info installOne socket.io@1.3.5
38 verbose installOne of socket.io to C:\Users\Raj M-PC\arpan not in flight; installing
39 verbose lock using C:\Users\Raj M-PC\AppData\Roaming\npm-cache\_locks\socket-io-dd9fd424d1995292.lock for C:\Users\Raj M-PC\arpan\node_modules\socket.io
40 silly install write writing socket.io 1.3.5 to C:\Users\Raj M-PC\arpan\node_modules\socket.io
41 silly cache addNamed cb socket.io@1.3.5
42 verbose unbuild node_modules\socket.io
43 info preuninstall socket.io@1.3.5
44 info uninstall socket.io@1.3.5
45 verbose unbuild rmStuff socket.io@1.3.5 from C:\Users\Raj M-PC\arpan\node_modules
46 info postuninstall socket.io@1.3.5
47 silly gentlyRm C:\Users\Raj M-PC\arpan\node_modules\socket.io is being purged from base C:\Users\Raj M-PC\arpan
48 verbose gentlyRm don't care about contents; nuking C:\Users\Raj M-PC\arpan\node_modules\socket.io
49 silly vacuum-fs purging C:\Users\Raj M-PC\arpan\node_modules\socket.io
50 silly vacuum-fs quitting because other entries in C:\Users\Raj M-PC\arpan\node_modules
51 verbose tar unpack C:\Users\Raj M-PC\AppData\Roaming\npm-cache\socket.io\1.3.5\package.tgz
52 verbose tar unpacking to C:\Users\Raj M-PC\arpan\node_modules\socket.io
53 silly gentlyRm C:\Users\Raj M-PC\arpan\node_modules\socket.io is being purged
54 verbose gentlyRm don't care about contents; nuking C:\Users\Raj M-PC\arpan\node_modules\socket.io
55 silly vacuum-fs Error: EPERM, lstat 'C:\Users\Raj M-PC\arpan\node_modules\socket.io'
55 silly vacuum-fs     at Error (native)
56 verbose unlock done using C:\Users\Raj M-PC\AppData\Roaming\npm-cache\_locks\socket-io-dd9fd424d1995292.lock for C:\Users\Raj M-PC\arpan\node_modules\socket.io
57 verbose stack Error: EPERM, lstat 'C:\Users\Raj M-PC\arpan\node_modules\socket.io'
57 verbose stack     at Error (native)
58 verbose cwd C:\Users\Raj M-PC\arpan
59 error Windows_NT 6.3.9600
60 error argv "C:\\Program Files\\nodejs\\\\node.exe" "C:\\Program Files\\nodejs\\node_modules\\npm\\bin\\npm-cli.js" "install" "socket.io"
61 error node v0.12.2
62 error npm  v2.7.4
63 error path C:\Users\Raj M-PC\arpan\node_modules\socket.io
64 error code EPERM
65 error errno -4048
66 error Error: EPERM, lstat 'C:\Users\Raj M-PC\arpan\node_modules\socket.io'
66 error     at Error (native)
66 error  { [Error: EPERM, lstat 'C:\Users\Raj M-PC\arpan\node_modules\socket.io']
66 error   errno: -4048,
66 error   code: 'EPERM',
66 error   path: 'C:\\Users\\Raj M-PC\\arpan\\node_modules\\socket.io' }
67 error Please try running this command again as root/Administrator.
68 verbose exit [ -4048, true ]
69 verbose unbuild node_modules\socket.io
70 silly gentlyRm C:\Users\Raj M-PC\arpan\node_modules\socket.io is being purged from base C:\Users\Raj M-PC\arpan
71 verbose gentlyRm don't care about contents; nuking C:\Users\Raj M-PC\arpan\node_modules\socket.io
72 silly vacuum-fs Error: EPERM, lstat 'C:\Users\Raj M-PC\arpan\node_modules\socket.io'
72 silly vacuum-fs     at Error (native)
73 error error rolling back Error: EPERM, lstat 'C:\Users\Raj M-PC\arpan\node_modules\socket.io'
73 error error rolling back     at Error (native)
73 error error rolling back  { [Error: EPERM, lstat 'C:\Users\Raj M-PC\arpan\node_modules\socket.io']
73 error error rolling back   errno: -4048,
73 error error rolling back   code: 'EPERM',
73 error error rolling back   path: 'C:\\Users\\Raj M-PC\\arpan\\node_modules\\socket.io' }
